c:\users\ilyin\github\spacesodomy\spacesodomy\spacesodomy\release\vc142.pdb
c:\users\ilyin\github\spacesodomy\spacesodomy\spacesodomy\release\dummy.obj
c:\users\ilyin\github\spacesodomy\spacesodomy\spacesodomy\release\creature.obj
c:\users\ilyin\github\spacesodomy\spacesodomy\spacesodomy\release\color.obj
c:\users\ilyin\github\spacesodomy\spacesodomy\spacesodomy\release\cell.obj
c:\users\ilyin\github\spacesodomy\spacesodomy\spacesodomy\release\camera.obj
c:\users\ilyin\github\spacesodomy\spacesodomy\spacesodomy\release\bullet.obj
c:\users\ilyin\github\spacesodomy\spacesodomy\spacesodomy\release\bonus.obj
c:\users\ilyin\github\spacesodomy\spacesodomy\spacesodomy\release\body.obj
c:\users\ilyin\github\spacesodomy\spacesodomy\spacesodomy\release\animation.obj
c:\users\ilyin\github\spacesodomy\spacesodomy\spacesodomy\release\ship.obj
c:\users\ilyin\github\spacesodomy\spacesodomy\spacesodomy\release\rocketlauncher.obj
c:\users\ilyin\github\spacesodomy\spacesodomy\spacesodomy\release\robot.obj
c:\users\ilyin\github\spacesodomy\spacesodomy\spacesodomy\release\random.obj
c:\users\ilyin\github\spacesodomy\spacesodomy\spacesodomy\release\orderlist.obj
c:\users\ilyin\github\spacesodomy\spacesodomy\spacesodomy\release\mover.obj
c:\users\ilyin\github\spacesodomy\spacesodomy\spacesodomy\release\mouse.obj
c:\users\ilyin\github\spacesodomy\spacesodomy\spacesodomy\release\menubutton.obj
c:\users\ilyin\github\spacesodomy\spacesodomy\spacesodomy\release\menu.obj
c:\users\ilyin\github\spacesodomy\spacesodomy\spacesodomy\release\lasercarrier.obj
c:\users\ilyin\github\spacesodomy\spacesodomy\spacesodomy\release\laser.obj
c:\users\ilyin\github\spacesodomy\spacesodomy\spacesodomy\release\gun.obj
c:\users\ilyin\github\spacesodomy\spacesodomy\spacesodomy\release\getmillicount.obj
c:\users\ilyin\github\spacesodomy\spacesodomy\spacesodomy\release\geometry.obj
c:\users\ilyin\github\spacesodomy\spacesodomy\spacesodomy\release\generator.obj
c:\users\ilyin\github\spacesodomy\spacesodomy\spacesodomy\release\explosion.obj
c:\users\ilyin\github\spacesodomy\spacesodomy\spacesodomy\release\exit.obj
c:\users\ilyin\github\spacesodomy\spacesodomy\spacesodomy\release\engine.obj
c:\users\ilyin\github\spacesodomy\spacesodomy\spacesodomy\release\vector2d.obj
c:\users\ilyin\github\spacesodomy\spacesodomy\spacesodomy\release\unit.obj
c:\users\ilyin\github\spacesodomy\spacesodomy\spacesodomy\release\turret.obj
c:\users\ilyin\github\spacesodomy\spacesodomy\spacesodomy\release\system.think.obj
c:\users\ilyin\github\spacesodomy\spacesodomy\spacesodomy\release\system.step.obj
c:\users\ilyin\github\spacesodomy\spacesodomy\spacesodomy\release\system.start.obj
c:\users\ilyin\github\spacesodomy\spacesodomy\spacesodomy\release\system.getneighbors.obj
c:\users\ilyin\github\spacesodomy\spacesodomy\spacesodomy\release\system.getcell.obj
c:\users\ilyin\github\spacesodomy\spacesodomy\spacesodomy\release\system.fillchunks.obj
c:\users\ilyin\github\spacesodomy\spacesodomy\spacesodomy\release\system.damage.obj
c:\users\ilyin\github\spacesodomy\spacesodomy\spacesodomy\release\system.obj
c:\users\ilyin\github\spacesodomy\spacesodomy\spacesodomy\release\system.collision.obj
c:\users\ilyin\github\spacesodomy\spacesodomy\spacesodomy\release\system.checkwall.obj
c:\users\ilyin\github\spacesodomy\spacesodomy\spacesodomy\release\system.checkorders.obj
c:\users\ilyin\github\spacesodomy\spacesodomy\spacesodomy\release\system.checkexplosions.obj
c:\users\ilyin\github\spacesodomy\spacesodomy\spacesodomy\release\system.checkability.obj
c:\users\ilyin\github\spacesodomy\spacesodomy\spacesodomy\release\shooter.obj
c:\users\ilyin\github\spacesodomy\spacesodomy\spacesodomy\release\main.obj
c:\users\ilyin\github\spacesodomy\spacesodomy\spacesodomy\release\gamepad.obj
c:\users\ilyin\github\spacesodomy\spacesodomy\spacesodomy\release\drawsystem.objects.obj
c:\users\ilyin\github\spacesodomy\spacesodomy\spacesodomy\release\drawsystem.loadwalls.obj
c:\users\ilyin\github\spacesodomy\spacesodomy\spacesodomy\release\drawsystem.loadtextures.obj
c:\users\ilyin\github\spacesodomy\spacesodomy\spacesodomy\release\drawsystem.drawwalls.obj
c:\users\ilyin\github\spacesodomy\spacesodomy\spacesodomy\release\drawsystem.drawmenu.obj
c:\users\ilyin\github\spacesodomy\spacesodomy\spacesodomy\release\drawsystem.obj
c:\users\ilyin\github\spacesodomy\spacesodomy\spacesodomy\release\drawsystem.basics.obj
c:\users\ilyin\github\spacesodomy\spacesodomy\spacesodomy\release\control.gameevents.obj
c:\users\ilyin\github\spacesodomy\spacesodomy\spacesodomy\release\control.events.obj
c:\users\ilyin\github\spacesodomy\spacesodomy\spacesodomy\release\control.obj
c:\users\ilyin\github\spacesodomy\spacesodomy\spacesodomy\release\audio.obj
c:\users\ilyin\github\spacesodomy\spacesodomy\release\spacesodomy.exe
c:\users\ilyin\github\spacesodomy\spacesodomy\release\spacesodomy.pdb
c:\users\ilyin\github\spacesodomy\spacesodomy\release\spacesodomy.ipdb
c:\users\ilyin\github\spacesodomy\spacesodomy\release\spacesodomy.iobj
c:\users\ilyin\github\spacesodomy\spacesodomy\spacesodomy\release\vc141.pdb
c:\users\ilyin\github\spacesodomy\spacesodomy\spacesodomy\release\spacesodomy.tlog\cl.command.1.tlog
c:\users\ilyin\github\spacesodomy\spacesodomy\spacesodomy\release\spacesodomy.tlog\cl.read.1.tlog
c:\users\ilyin\github\spacesodomy\spacesodomy\spacesodomy\release\spacesodomy.tlog\cl.write.1.tlog
c:\users\ilyin\github\spacesodomy\spacesodomy\spacesodomy\release\spacesodomy.tlog\link.command.1.tlog
c:\users\ilyin\github\spacesodomy\spacesodomy\spacesodomy\release\spacesodomy.tlog\link.delete.1.tlog
c:\users\ilyin\github\spacesodomy\spacesodomy\spacesodomy\release\spacesodomy.tlog\link.read.1.tlog
c:\users\ilyin\github\spacesodomy\spacesodomy\spacesodomy\release\spacesodomy.tlog\link.write.1.tlog
c:\users\ilyin\github\spacesodomy\spacesodomy\spacesodomy\release\spacesodomy.tlog\spacesodomy.write.1u.tlog
