c:\users\ilyin\github\spacesodomy\spacesodomy\spacesodomy\debug\vc142.pdb
c:\users\ilyin\github\spacesodomy\spacesodomy\spacesodomy\debug\vc142.idb
c:\users\ilyin\github\spacesodomy\spacesodomy\spacesodomy\debug\dummy.obj
c:\users\ilyin\github\spacesodomy\spacesodomy\spacesodomy\debug\drawsystem.objects.obj
c:\users\ilyin\github\spacesodomy\spacesodomy\spacesodomy\debug\drawsystem.loadwalls.obj
c:\users\ilyin\github\spacesodomy\spacesodomy\spacesodomy\debug\drawsystem.loadtextures.obj
c:\users\ilyin\github\spacesodomy\spacesodomy\spacesodomy\debug\drawsystem.drawwalls.obj
c:\users\ilyin\github\spacesodomy\spacesodomy\spacesodomy\debug\drawsystem.drawmenu.obj
c:\users\ilyin\github\spacesodomy\spacesodomy\spacesodomy\debug\drawsystem.obj
c:\users\ilyin\github\spacesodomy\spacesodomy\spacesodomy\debug\drawsystem.basics.obj
c:\users\ilyin\github\spacesodomy\spacesodomy\spacesodomy\debug\creature.obj
c:\users\ilyin\github\spacesodomy\spacesodomy\spacesodomy\debug\control.gameevents.obj
c:\users\ilyin\github\spacesodomy\spacesodomy\spacesodomy\debug\control.events.obj
c:\users\ilyin\github\spacesodomy\spacesodomy\spacesodomy\debug\control.obj
c:\users\ilyin\github\spacesodomy\spacesodomy\spacesodomy\debug\color.obj
c:\users\ilyin\github\spacesodomy\spacesodomy\spacesodomy\debug\cell.obj
c:\users\ilyin\github\spacesodomy\spacesodomy\spacesodomy\debug\camera.obj
c:\users\ilyin\github\spacesodomy\spacesodomy\spacesodomy\debug\bullet.obj
c:\users\ilyin\github\spacesodomy\spacesodomy\spacesodomy\debug\bonus.obj
c:\users\ilyin\github\spacesodomy\spacesodomy\spacesodomy\debug\body.obj
c:\users\ilyin\github\spacesodomy\spacesodomy\spacesodomy\debug\audio.obj
c:\users\ilyin\github\spacesodomy\spacesodomy\spacesodomy\debug\animation.obj
c:\users\ilyin\github\spacesodomy\spacesodomy\spacesodomy\debug\ship.obj
c:\users\ilyin\github\spacesodomy\spacesodomy\spacesodomy\debug\rocketlauncher.obj
c:\users\ilyin\github\spacesodomy\spacesodomy\spacesodomy\debug\robot.obj
c:\users\ilyin\github\spacesodomy\spacesodomy\spacesodomy\debug\random.obj
c:\users\ilyin\github\spacesodomy\spacesodomy\spacesodomy\debug\orderlist.obj
c:\users\ilyin\github\spacesodomy\spacesodomy\spacesodomy\debug\mover.obj
c:\users\ilyin\github\spacesodomy\spacesodomy\spacesodomy\debug\mouse.obj
c:\users\ilyin\github\spacesodomy\spacesodomy\spacesodomy\debug\menubutton.obj
c:\users\ilyin\github\spacesodomy\spacesodomy\spacesodomy\debug\menu.obj
c:\users\ilyin\github\spacesodomy\spacesodomy\spacesodomy\debug\main.obj
c:\users\ilyin\github\spacesodomy\spacesodomy\spacesodomy\debug\lasercarrier.obj
c:\users\ilyin\github\spacesodomy\spacesodomy\spacesodomy\debug\laser.obj
c:\users\ilyin\github\spacesodomy\spacesodomy\spacesodomy\debug\gun.obj
c:\users\ilyin\github\spacesodomy\spacesodomy\spacesodomy\debug\getmillicount.obj
c:\users\ilyin\github\spacesodomy\spacesodomy\spacesodomy\debug\geometry.obj
c:\users\ilyin\github\spacesodomy\spacesodomy\spacesodomy\debug\generator.obj
c:\users\ilyin\github\spacesodomy\spacesodomy\spacesodomy\debug\gamepad.obj
c:\users\ilyin\github\spacesodomy\spacesodomy\spacesodomy\debug\explosion.obj
c:\users\ilyin\github\spacesodomy\spacesodomy\spacesodomy\debug\exit.obj
c:\users\ilyin\github\spacesodomy\spacesodomy\spacesodomy\debug\engine.obj
c:\users\ilyin\github\spacesodomy\spacesodomy\spacesodomy\debug\vector2d.obj
c:\users\ilyin\github\spacesodomy\spacesodomy\spacesodomy\debug\unit.obj
c:\users\ilyin\github\spacesodomy\spacesodomy\spacesodomy\debug\turret.obj
c:\users\ilyin\github\spacesodomy\spacesodomy\spacesodomy\debug\system.think.obj
c:\users\ilyin\github\spacesodomy\spacesodomy\spacesodomy\debug\system.step.obj
c:\users\ilyin\github\spacesodomy\spacesodomy\spacesodomy\debug\system.start.obj
c:\users\ilyin\github\spacesodomy\spacesodomy\spacesodomy\debug\system.getneighbors.obj
c:\users\ilyin\github\spacesodomy\spacesodomy\spacesodomy\debug\system.getcell.obj
c:\users\ilyin\github\spacesodomy\spacesodomy\spacesodomy\debug\system.fillchunks.obj
c:\users\ilyin\github\spacesodomy\spacesodomy\spacesodomy\debug\system.damage.obj
c:\users\ilyin\github\spacesodomy\spacesodomy\spacesodomy\debug\system.obj
c:\users\ilyin\github\spacesodomy\spacesodomy\spacesodomy\debug\system.collision.obj
c:\users\ilyin\github\spacesodomy\spacesodomy\spacesodomy\debug\system.checkwall.obj
c:\users\ilyin\github\spacesodomy\spacesodomy\spacesodomy\debug\system.checkorders.obj
c:\users\ilyin\github\spacesodomy\spacesodomy\spacesodomy\debug\system.checkexplosions.obj
c:\users\ilyin\github\spacesodomy\spacesodomy\spacesodomy\debug\system.checkability.obj
c:\users\ilyin\github\spacesodomy\spacesodomy\spacesodomy\debug\shooter.obj
c:\users\ilyin\github\spacesodomy\spacesodomy\debug\spacesodomy.exe
c:\users\ilyin\github\spacesodomy\spacesodomy\debug\spacesodomy.ilk
c:\users\ilyin\github\spacesodomy\spacesodomy\debug\spacesodomy.pdb
c:\users\ilyin\github\spacesodomy\spacesodomy\spacesodomy\debug\vc141.idb
c:\users\ilyin\github\spacesodomy\spacesodomy\spacesodomy\debug\vc141.pdb
c:\users\ilyin\github\spacesodomy\spacesodomy\spacesodomy\debug\spacesodomy.tlog\cl.command.1.tlog
c:\users\ilyin\github\spacesodomy\spacesodomy\spacesodomy\debug\spacesodomy.tlog\cl.read.1.tlog
c:\users\ilyin\github\spacesodomy\spacesodomy\spacesodomy\debug\spacesodomy.tlog\cl.write.1.tlog
c:\users\ilyin\github\spacesodomy\spacesodomy\spacesodomy\debug\spacesodomy.tlog\link.command.1.tlog
c:\users\ilyin\github\spacesodomy\spacesodomy\spacesodomy\debug\spacesodomy.tlog\link.read.1.tlog
c:\users\ilyin\github\spacesodomy\spacesodomy\spacesodomy\debug\spacesodomy.tlog\link.write.1.tlog
