  DrawSystem.drawWalls.cpp
c:\github\spacesodomy\tower_defense\drawsystem.drawwalls.cpp(11): warning C4018: '<': signed/unsigned mismatch
c:\github\spacesodomy\tower_defense\drawsystem.drawwalls.cpp(12): warning C4018: '<': signed/unsigned mismatch
c:\github\spacesodomy\tower_defense\drawsystem.drawwalls.cpp(17): warning C4244: 'argument': conversion from 'double' to 'int', possible loss of data
c:\github\spacesodomy\tower_defense\drawsystem.drawwalls.cpp(22): warning C4018: '<': signed/unsigned mismatch
c:\github\spacesodomy\tower_defense\drawsystem.drawwalls.cpp(26): warning C4018: '<': signed/unsigned mismatch
  System.collision.cpp
c:\github\spacesodomy\tower_defense\system.collision.cpp(67): warning C4018: '>=': signed/unsigned mismatch
c:\github\spacesodomy\tower_defense\system.collision.cpp(67): warning C4018: '<': signed/unsigned mismatch
c:\github\spacesodomy\tower_defense\system.collision.cpp(68): warning C4018: '<': signed/unsigned mismatch
c:\github\spacesodomy\tower_defense\system.collision.cpp(76): warning C4018: '>=': signed/unsigned mismatch
c:\github\spacesodomy\tower_defense\system.collision.cpp(76): warning C4018: '<': signed/unsigned mismatch
c:\github\spacesodomy\tower_defense\system.collision.cpp(77): warning C4018: '<': signed/unsigned mismatch
c:\github\spacesodomy\tower_defense\system.collision.cpp(97): warning C4018: '<': signed/unsigned mismatch
c:\github\spacesodomy\tower_defense\system.collision.cpp(103): warning C4018: '<': signed/unsigned mismatch
c:\github\spacesodomy\tower_defense\system.collision.cpp(109): warning C4018: '<': signed/unsigned mismatch
  Generating code
  26 of 1784 functions ( 1.5%) were compiled, the rest were copied from previous compilation.
    21 functions were new in current compilation
    17 functions had inline decision re-evaluated but remain unchanged
  Finished generating code
  tower_defense.vcxproj -> C:\GitHub\SpaceSodomy\Release\tower_defense.exe
