c:\github\spacesodomy\tower_defense\release\vc141.pdb
c:\github\spacesodomy\tower_defense\release\engine.obj
c:\github\spacesodomy\tower_defense\release\dummy.obj
c:\github\spacesodomy\tower_defense\release\drawsystem.objects.obj
c:\github\spacesodomy\tower_defense\release\drawsystem.loadwalls.obj
c:\github\spacesodomy\tower_defense\release\drawsystem.loadtextures.obj
c:\github\spacesodomy\tower_defense\release\drawsystem.drawwalls.obj
c:\github\spacesodomy\tower_defense\release\drawsystem.obj
c:\github\spacesodomy\tower_defense\release\drawsystem.basics.obj
c:\github\spacesodomy\tower_defense\release\creature.obj
c:\github\spacesodomy\tower_defense\release\control.gameevents.obj
c:\github\spacesodomy\tower_defense\release\control.events.obj
c:\github\spacesodomy\tower_defense\release\control.obj
c:\github\spacesodomy\tower_defense\release\color.obj
c:\github\spacesodomy\tower_defense\release\cell.obj
c:\github\spacesodomy\tower_defense\release\camera.obj
c:\github\spacesodomy\tower_defense\release\bullet.obj
c:\github\spacesodomy\tower_defense\release\bonus.obj
c:\github\spacesodomy\tower_defense\release\body.obj
c:\github\spacesodomy\tower_defense\release\audio.obj
c:\github\spacesodomy\tower_defense\release\animation.obj
c:\github\spacesodomy\tower_defense\release\system.collision.obj
c:\github\spacesodomy\tower_defense\release\system.checkwall.obj
c:\github\spacesodomy\tower_defense\release\system.checkorders.obj
c:\github\spacesodomy\tower_defense\release\system.checkexplosions.obj
c:\github\spacesodomy\tower_defense\release\system.checkability.obj
c:\github\spacesodomy\tower_defense\release\shooter.obj
c:\github\spacesodomy\tower_defense\release\ship.obj
c:\github\spacesodomy\tower_defense\release\rocketlauncher.obj
c:\github\spacesodomy\tower_defense\release\random.obj
c:\github\spacesodomy\tower_defense\release\orderlist.obj
c:\github\spacesodomy\tower_defense\release\mover.obj
c:\github\spacesodomy\tower_defense\release\mouse.obj
c:\github\spacesodomy\tower_defense\release\main.obj
c:\github\spacesodomy\tower_defense\release\lasercarrier.obj
c:\github\spacesodomy\tower_defense\release\laser.obj
c:\github\spacesodomy\tower_defense\release\gun.obj
c:\github\spacesodomy\tower_defense\release\getmillicount.obj
c:\github\spacesodomy\tower_defense\release\geometry.obj
c:\github\spacesodomy\tower_defense\release\explosion.obj
c:\github\spacesodomy\tower_defense\release\exit.obj
c:\github\spacesodomy\tower_defense\release\vector2d.obj
c:\github\spacesodomy\tower_defense\release\unit.obj
c:\github\spacesodomy\tower_defense\release\turret.obj
c:\github\spacesodomy\tower_defense\release\system.think.obj
c:\github\spacesodomy\tower_defense\release\system.step.obj
c:\github\spacesodomy\tower_defense\release\system.start.obj
c:\github\spacesodomy\tower_defense\release\system.getneighbors.obj
c:\github\spacesodomy\tower_defense\release\system.getcell.obj
c:\github\spacesodomy\tower_defense\release\system.fillchunks.obj
c:\github\spacesodomy\tower_defense\release\system.damage.obj
c:\github\spacesodomy\tower_defense\release\system.obj
c:\github\spacesodomy\tower_defense\release\gamepad.obj
c:\github\spacesodomy\tower_defense\release\robot.obj
c:\github\spacesodomy\release\tower_defense.exe
c:\github\spacesodomy\release\tower_defense.pdb
c:\github\spacesodomy\tower_defense\release\tower_defense.res
c:\github\spacesodomy\release\tower_defense.ipdb
c:\github\spacesodomy\release\tower_defense.iobj
c:\github\spacesodomy\tower_defense\release\tower_defense.vcxprojresolveassemblyreference.cache
c:\github\spacesodomy\tower_defense\release\tower_defense.tlog\cl.command.1.tlog
c:\github\spacesodomy\tower_defense\release\tower_defense.tlog\cl.read.1.tlog
c:\github\spacesodomy\tower_defense\release\tower_defense.tlog\cl.write.1.tlog
c:\github\spacesodomy\tower_defense\release\tower_defense.tlog\link.command.1.tlog
c:\github\spacesodomy\tower_defense\release\tower_defense.tlog\link.read.1.tlog
c:\github\spacesodomy\tower_defense\release\tower_defense.tlog\link.write.1.tlog
c:\github\spacesodomy\tower_defense\release\tower_defense.tlog\metagen.write.1.tlog
c:\github\spacesodomy\tower_defense\release\tower_defense.tlog\rc.command.1.tlog
c:\github\spacesodomy\tower_defense\release\tower_defense.tlog\rc.read.1.tlog
c:\github\spacesodomy\tower_defense\release\tower_defense.tlog\rc.write.1.tlog
c:\github\spacesodomy\tower_defense\release\tower_defense.tlog\tower_defense.write.1u.tlog
